Arguments: 
  /opt/homebrew/Cellar/node/18.9.1/bin/node /opt/homebrew/Cellar/yarn/1.22.19/libexec/bin/yarn.js add bootstrap

PATH: 
  /Users/botrac/.rvm/gems/ruby-3.1.2/bin:/Users/botrac/.rvm/gems/ruby-3.1.2@global/bin:/Users/botrac/.rvm/rubies/ruby-3.1.2/bin:/Users/botrac/.rvm/bin:/usr/local/smlnj/bin:/opt/homebrew/bin:/opt/homebrew/sbin:/usr/local/bin:/usr/bin:/bin:/usr/sbin:/sbin:/Library/Apple/usr/bin:/opt/yarn-[version]/bin

Yarn version: 
  1.22.19

Node version: 
  18.9.1

Platform: 
  darwin arm64

Trace: 
  SyntaxError: /Users/botrac/SSUproject/package.json: Unexpected token } in JSON at position 104
      at JSON.parse (<anonymous>)
      at /opt/homebrew/Cellar/yarn/1.22.19/libexec/lib/cli.js:1629:59
      at Generator.next (<anonymous>)
      at step (/opt/homebrew/Cellar/yarn/1.22.19/libexec/lib/cli.js:310:30)
      at /opt/homebrew/Cellar/yarn/1.22.19/libexec/lib/cli.js:321:13

npm manifest: 
  {
    "license": "UNLICENSED",
    "dependencies": {
      "bootstrap": "^5.2.1",
  	  "@popperjs/core@^2.11.6"
    }
  }

yarn manifest: 
  No manifest

Lockfile: 
  # THIS IS AN AUTOGENERATED FILE. DO NOT EDIT THIS FILE DIRECTLY.
  # yarn lockfile v1
  
  
  bootstrap@^5.2.1:
    version "5.2.1"
    resolved "https://registry.yarnpkg.com/bootstrap/-/bootstrap-5.2.1.tgz#45f97ff05cbe828bad807b014d8425f3aeb8ec3a"
    integrity sha512-UQi3v2NpVPEi1n35dmRRzBJFlgvWHYwyem6yHhuT6afYF+sziEt46McRbT//kVXZ7b1YUYEVGdXEH74Nx3xzGA==
